0 info it worked if it ends with ok
1 verbose cli [ '/usr/local/bin/node', '/usr/local/bin/npm', 'run', 'dev' ]
2 info using npm@3.10.8
3 info using node@v6.9.1
4 verbose run-script [ 'predev', 'dev', 'postdev' ]
5 info lifecycle es6-magazine@1.0.0-csp~predev: es6-magazine@1.0.0-csp
6 silly lifecycle es6-magazine@1.0.0-csp~predev: no script for predev, continuing
7 info lifecycle es6-magazine@1.0.0-csp~dev: es6-magazine@1.0.0-csp
8 verbose lifecycle es6-magazine@1.0.0-csp~dev: unsafe-perm in lifecycle true
9 verbose lifecycle es6-magazine@1.0.0-csp~dev: PATH: /usr/local/lib/node_modules/npm/bin/node-gyp-bin:/Users/mac/project/git/vue-analysis/vue2/analysis/node_modules/.bin:/usr/local/bin:/usr/bin:/bin:/usr/sbin:/sbin
10 verbose lifecycle es6-magazine@1.0.0-csp~dev: CWD: /Users/mac/project/git/vue-analysis/vue2/analysis
11 silly lifecycle es6-magazine@1.0.0-csp~dev: Args: [ '-c', 'node build/dev/index.js' ]
12 silly lifecycle es6-magazine@1.0.0-csp~dev: Returned: code: 1  signal: null
13 info lifecycle es6-magazine@1.0.0-csp~dev: Failed to exec dev script
14 verbose stack Error: es6-magazine@1.0.0-csp dev: `node build/dev/index.js`
14 verbose stack Exit status 1
14 verbose stack     at EventEmitter.<anonymous> (/usr/local/lib/node_modules/npm/lib/utils/lifecycle.js:255:16)
14 verbose stack     at emitTwo (events.js:106:13)
14 verbose stack     at EventEmitter.emit (events.js:191:7)
14 verbose stack     at ChildProcess.<anonymous> (/usr/local/lib/node_modules/npm/lib/utils/spawn.js:40:14)
14 verbose stack     at emitTwo (events.js:106:13)
14 verbose stack     at ChildProcess.emit (events.js:191:7)
14 verbose stack     at maybeClose (internal/child_process.js:877:16)
14 verbose stack     at Process.ChildProcess._handle.onexit (internal/child_process.js:226:5)
15 verbose pkgid es6-magazine@1.0.0-csp
16 verbose cwd /Users/mac/project/git/vue-analysis/vue2/analysis
17 error Darwin 15.6.0
18 error argv "/usr/local/bin/node" "/usr/local/bin/npm" "run" "dev"
19 error node v6.9.1
20 error npm  v3.10.8
21 error code ELIFECYCLE
22 error es6-magazine@1.0.0-csp dev: `node build/dev/index.js`
22 error Exit status 1
23 error Failed at the es6-magazine@1.0.0-csp dev script 'node build/dev/index.js'.
23 error Make sure you have the latest version of node.js and npm installed.
23 error If you do, this is most likely a problem with the es6-magazine package,
23 error not with npm itself.
23 error Tell the author that this fails on your system:
23 error     node build/dev/index.js
23 error You can get information on how to open an issue for this project with:
23 error     npm bugs es6-magazine
23 error Or if that isn't available, you can get their info via:
23 error     npm owner ls es6-magazine
23 error There is likely additional logging output above.
24 verbose exit [ 1, true ]
